<?xml version="1.0" encoding="UTF-8"?>
<!-- Generated by org.testng.reporters.JUnitXMLReporter -->
<testsuite hostname="DESKTOP-ACFHNHV" ignored="0" name="Default test" tests="4" failures="0" timestamp="24 Nov 2020 03:34:29 GMT" time="0.027" errors="0">
  <testcase name="@BeforeTest beforeClass" time="0.008" classname="com.nopcommerce.common.Common_01_Register">
    <failure type="java.lang.RuntimeException" message="Please input valid browser name">
      <![CDATA[java.lang.RuntimeException: Please input valid browser name
at commons.AbstractTest.getBrowserDriver(AbstractTest.java:94)
at com.nopcommerce.common.Common_01_Register.beforeClass(Common_01_Register.java:41)
at sun.reflect.NativeMethodAccessorImpl.invoke0(Native Method)
at sun.reflect.NativeMethodAccessorImpl.invoke(NativeMethodAccessorImpl.java:62)
at sun.reflect.DelegatingMethodAccessorImpl.invoke(DelegatingMethodAccessorImpl.java:43)
at java.lang.reflect.Method.invoke(Method.java:498)
at org.testng.internal.MethodInvocationHelper.invokeMethod(MethodInvocationHelper.java:124)
at org.testng.internal.MethodInvocationHelper.invokeMethodConsideringTimeout(MethodInvocationHelper.java:59)
at org.testng.internal.Invoker.invokeConfigurationMethod(Invoker.java:458)
at org.testng.internal.Invoker.invokeConfigurations(Invoker.java:222)
at org.testng.internal.Invoker.invokeConfigurations(Invoker.java:142)
at org.testng.TestRunner.beforeRun(TestRunner.java:529)
at org.testng.TestRunner.run(TestRunner.java:497)
at org.testng.SuiteRunner.runTest(SuiteRunner.java:455)
at org.testng.SuiteRunner.runSequentially(SuiteRunner.java:450)
at org.testng.SuiteRunner.privateRun(SuiteRunner.java:415)
at org.testng.SuiteRunner.run(SuiteRunner.java:364)
at org.testng.SuiteRunnerWorker.runSuite(SuiteRunnerWorker.java:52)
at org.testng.SuiteRunnerWorker.run(SuiteRunnerWorker.java:84)
at org.testng.TestNG.runSuitesSequentially(TestNG.java:1208)
at org.testng.TestNG.runSuitesLocally(TestNG.java:1137)
at org.testng.TestNG.runSuites(TestNG.java:1049)
at org.testng.TestNG.run(TestNG.java:1017)
at org.testng.remote.AbstractRemoteTestNG.run(AbstractRemoteTestNG.java:115)
at org.testng.remote.RemoteTestNG.initAndRun(RemoteTestNG.java:251)
at org.testng.remote.RemoteTestNG.main(RemoteTestNG.java:77)
]]>
    </failure>
  </testcase> <!-- @BeforeTest beforeClass -->
  <testcase name="TC_01_Register_Empty_Data" time="0.0" classname="com.nopcommerce.common.Common_01_Register">
    <skipped/>
  </testcase> <!-- TC_01_Register_Empty_Data -->
  <testcase name="TC_02_Register_Wrong_Email" time="0.0" classname="com.nopcommerce.common.Common_01_Register">
    <skipped/>
  </testcase> <!-- TC_02_Register_Wrong_Email -->
  <testcase name="TC_03_Register_Pass_At_Least_6" time="0.0" classname="com.nopcommerce.common.Common_01_Register">
    <skipped/>
  </testcase> <!-- TC_03_Register_Pass_At_Least_6 -->
  <testcase name="TC_04_Register_Succes" time="0.0" classname="com.nopcommerce.common.Common_01_Register">
    <skipped/>
  </testcase> <!-- TC_04_Register_Succes -->
</testsuite> <!-- Default test -->
