<?xml version="1.0" encoding="UTF-8"?>
<!-- Generated by org.testng.reporters.JUnitXMLReporter -->
<testsuite hostname="DESKTOP-ACFHNHV" ignored="0" name="Run on Chrome UI" tests="11" failures="3" timestamp="25 Nov 2020 04:55:16 GMT" time="128.885" errors="0">
  <testcase name="TC_01_Register_Empty_Data" time="1.83" classname="com.nopcommerce.common.Common_01_Register"/>
  <testcase name="TC_02_Register_Wrong_Email" time="3.586" classname="com.nopcommerce.common.Common_01_Register"/>
  <testcase name="TC_03_Register_Pass_At_Least_6" time="1.962" classname="com.nopcommerce.common.Common_01_Register">
    <failure type="java.lang.AssertionError" message="expected [Password must meet the following rules:
must have at least 6 character] but found [Password must meet the following rules:
must have at least 6 characters]">
      <![CDATA[java.lang.AssertionError: expected [Password must meet the following rules:
must have at least 6 character] but found [Password must meet the following rules:
must have at least 6 characters]
at commons.AbstractTest.checkEquals(AbstractTest.java:206)
at commons.AbstractTest.verifyEquals(AbstractTest.java:218)
at com.nopcommerce.common.Common_01_Register.TC_03_Register_Pass_At_Least_6(Common_01_Register.java:107)
at java.util.concurrent.FutureTask.run(FutureTask.java:266)
at java.util.concurrent.ThreadPoolExecutor.runWorker(ThreadPoolExecutor.java:1149)
at java.util.concurrent.ThreadPoolExecutor$Worker.run(ThreadPoolExecutor.java:624)
at java.lang.Thread.run(Thread.java:748)
... Removed 21 stack frames]]>
    </failure>
  </testcase> <!-- TC_03_Register_Pass_At_Least_6 -->
  <testcase name="TC_04_Register_Succes" time="8.979" classname="com.nopcommerce.common.Common_01_Register"/>
  <testcase name="TC_01_Search_With_Empty_Data" time="1.167" classname="com.nopcommerce.users.Level_09_Search"/>
  <testcase name="TC_02_Search_With_Data_Not_Exist" time="1.956" classname="com.nopcommerce.users.Level_09_Search"/>
  <testcase name="TC_03_Search_With_Data_Exist" time="1.97" classname="com.nopcommerce.users.Level_09_Search"/>
  <testcase name="TC_04_Search_With_Product_Name" time="1.294" classname="com.nopcommerce.users.Level_09_Search"/>
  <testcase name="TC_05_Advance_Search_With_Parent_Categories" time="10.733" classname="com.nopcommerce.users.Level_09_Search">
    <failure type="org.openqa.selenium.NoSuchElementException" message="Cannot locate element with text: Computer
For documentation on this error, please visit: http://seleniumhq.org/exceptions/no_such_element.html
Build info: version: &amp;apos;3.9.1&amp;apos;, revision: &amp;apos;63f7b50&amp;apos;, time: &amp;apos;2018-02-07T22:25:02.294Z&amp;apos;
System info: host: &amp;apos;DESKTOP-ACFHNHV&amp;apos;, ip: &amp;apos;192.168.1.90&amp;apos;, os.name: &amp;apos;Windows 10&amp;apos;, os.arch: &amp;apos;amd64&amp;apos;, os.version: &amp;apos;10.0&amp;apos;, java.version: &amp;apos;1.8.0_271&amp;apos;
Driver info: driver.version: unknown">
      <![CDATA[org.openqa.selenium.NoSuchElementException: Cannot locate element with text: Computer
For documentation on this error, please visit: http://seleniumhq.org/exceptions/no_such_element.html
Build info: version: '3.9.1', revision: '63f7b50', time: '2018-02-07T22:25:02.294Z'
System info: host: 'DESKTOP-ACFHNHV', ip: '192.168.1.90', os.name: 'Windows 10', os.arch: 'amd64', os.version: '10.0', java.version: '1.8.0_271'
Driver info: driver.version: unknown
at org.openqa.selenium.support.ui.Select.selectByVisibleText(Select.java:151)
at commons.AbstractPage.selectItemInDropdown(AbstractPage.java:172)
at pageOjects.searchFooterPageObject.clickDropdownCategory(searchFooterPageObject.java:49)
at com.nopcommerce.users.Level_09_Search.TC_05_Advance_Search_With_Parent_Categories(Level_09_Search.java:88)
at java.util.concurrent.FutureTask.run(FutureTask.java:266)
at java.util.concurrent.ThreadPoolExecutor.runWorker(ThreadPoolExecutor.java:1149)
at java.util.concurrent.ThreadPoolExecutor$Worker.run(ThreadPoolExecutor.java:624)
at java.lang.Thread.run(Thread.java:748)
... Removed 16 stack frames]]>
    </failure>
  </testcase> <!-- TC_05_Advance_Search_With_Parent_Categories -->
  <testcase name="TC_06_Advance_Search_With_Sub_Categories" time="0.735" classname="com.nopcommerce.users.Level_09_Search"/>
  <testcase name="TC_07_Advance_Search_With_Incorrect_Manufacturer" time="31.117" classname="com.nopcommerce.users.Level_09_Search">
    <failure type="org.openqa.selenium.TimeoutException" message="Expected condition failed: waiting for visibility of element located by By.xpath: //div[@class=&amp;apos;no-result&amp;apos;] (tried for 30 second(s) with 500 MILLISECONDS interval)">
      <![CDATA[org.openqa.selenium.TimeoutException: Expected condition failed: waiting for visibility of element located by By.xpath: //div[@class='no-result'] (tried for 30 second(s) with 500 MILLISECONDS interval)
at org.openqa.selenium.support.ui.WebDriverWait.timeoutException(WebDriverWait.java:82)
at org.openqa.selenium.support.ui.FluentWait.until(FluentWait.java:231)
at commons.AbstractPage.waitToElementVisible(AbstractPage.java:537)
at pageOjects.searchFooterPageObject.clickDropdowManufacturer(searchFooterPageObject.java:63)
at com.nopcommerce.users.Level_09_Search.TC_07_Advance_Search_With_Incorrect_Manufacturer(Level_09_Search.java:107)
at java.util.concurrent.FutureTask.run(FutureTask.java:266)
at java.util.concurrent.ThreadPoolExecutor.runWorker(ThreadPoolExecutor.java:1149)
at java.util.concurrent.ThreadPoolExecutor$Worker.run(ThreadPoolExecutor.java:624)
at java.lang.Thread.run(Thread.java:748)
Caused by: org.openqa.selenium.NoSuchElementException: Cannot locate an element using By.xpath: //div[@class='no-result']
For documentation on this error, please visit: http://seleniumhq.org/exceptions/no_such_element.html
Build info: version: '3.9.1', revision: '63f7b50', time: '2018-02-07T22:25:02.294Z'
System info: host: 'DESKTOP-ACFHNHV', ip: '192.168.1.90', os.name: 'Windows 10', os.arch: 'amd64', os.version: '10.0', java.version: '1.8.0_271'
Driver info: driver.version: unknown
at org.openqa.selenium.support.ui.ExpectedConditions.lambda$findElement$0(ExpectedConditions.java:896)
at java.util.Optional.orElseThrow(Optional.java:290)
at org.openqa.selenium.support.ui.ExpectedConditions.findElement(ExpectedConditions.java:895)
at org.openqa.selenium.support.ui.ExpectedConditions.access$000(ExpectedConditions.java:44)
at org.openqa.selenium.support.ui.ExpectedConditions$7.apply(ExpectedConditions.java:206)
at org.openqa.selenium.support.ui.ExpectedConditions$7.apply(ExpectedConditions.java:202)
at org.openqa.selenium.support.ui.FluentWait.until(FluentWait.java:208)
... 23 more
... Removed 16 stack frames]]>
    </failure>
  </testcase> <!-- TC_07_Advance_Search_With_Incorrect_Manufacturer -->
</testsuite> <!-- Run on Chrome UI -->
