<?xml version="1.0" encoding="UTF-8"?>
<!-- Generated by org.testng.reporters.JUnitXMLReporter -->
<testsuite hostname="DESKTOP-ACFHNHV" ignored="0" name="Run on FireFox UI" tests="1" failures="0" timestamp="23 Nov 2020 06:35:34 GMT" time="0.019" errors="0">
  <testcase name="@BeforeClass beforeClass" time="0.0" classname="reportConfig.ReportV4">
    <failure type="org.testng.TestNGException" message="
Parameter &amp;apos;url&amp;apos; is required by BeforeClass on method beforeClass but has not been marked @Optional or defined
in D:\Automation\7. mvn-pom-nopcommerce\src\test\resources\TestReportV4.xml">
      <![CDATA[org.testng.TestNGException: 
Parameter 'url' is required by BeforeClass on method beforeClass but has not been marked @Optional or defined
in D:\Automation\7. mvn-pom-nopcommerce\src\test\resources\TestReportV4.xml
at java.util.concurrent.FutureTask.run(FutureTask.java:266)
at java.util.concurrent.ThreadPoolExecutor.runWorker(ThreadPoolExecutor.java:1149)
at java.util.concurrent.ThreadPoolExecutor$Worker.run(ThreadPoolExecutor.java:624)
at java.lang.Thread.run(Thread.java:748)
... Removed 14 stack frames]]>
    </failure>
  </testcase> <!-- @BeforeClass beforeClass -->
  <testcase name="@AfterClass afterClass" time="0.0" classname="reportConfig.ReportV4">
    <skipped/>
  </testcase> <!-- @AfterClass afterClass -->
  <testcase name="TC_01" time="0.0" classname="reportConfig.ReportV4">
    <skipped/>
  </testcase> <!-- TC_01 -->
</testsuite> <!-- Run on FireFox UI -->
