<?xml version="1.0" encoding="UTF-8"?>
<testng-results skipped="0" failed="2" ignored="0" total="14" passed="12">
  <reporter-output>
    <line>
      <![CDATA[2020-12-01 18:33:08,671 INFO  com.nopcommerce.users.Level_10_Admin - OS name = windows 10
]]>
    </line>
    <line>
      <![CDATA[2020-12-01 18:33:09,342 INFO  com.nopcommerce.users.Level_10_Admin - ---------- QUIT BROWSER SUCCESS ----------
]]>
    </line>
  </reporter-output>
  <suite name="Suite" duration-ms="121903" started-at="2020-12-01T11:31:07Z" finished-at="2020-12-01T11:33:09Z">
    <groups>
    </groups>
    <test name="Run on chrome UI" duration-ms="121903" started-at="2020-12-01T11:31:07Z" finished-at="2020-12-01T11:33:09Z">
      <class name="com.nopcommerce.users.Level_10_Admin">
        <test-method status="PASS" signature="beforeClass(java.lang.String, java.lang.String)[pri:0, instance:com.nopcommerce.users.Level_10_Admin@1bdaa23d]" name="beforeClass" is-config="true" duration-ms="8263" started-at="2020-12-01T11:31:07Z" finished-at="2020-12-01T11:31:15Z">
          <params>
            <param index="0">
              <value>
                <![CDATA[chrome_ui]]>
              </value>
            </param>
            <param index="1">
              <value>
                <![CDATA[https://admin-demo.nopcommerce.com/admin/]]>
              </value>
            </param>
          </params>
          <reporter-output>
          </reporter-output>
        </test-method> <!-- beforeClass -->
        <test-method status="PASS" signature="TC_01_Login_success()[pri:0, instance:com.nopcommerce.users.Level_10_Admin@1bdaa23d]" name="TC_01_Login_success" duration-ms="4298" started-at="2020-12-01T11:31:15Z" finished-at="2020-12-01T11:31:20Z">
          <reporter-output>
          </reporter-output>
        </test-method> <!-- TC_01_Login_success -->
        <test-method status="PASS" signature="TC_02_Search_With_Product_Name()[pri:0, instance:com.nopcommerce.users.Level_10_Admin@1bdaa23d]" name="TC_02_Search_With_Product_Name" duration-ms="2948" started-at="2020-12-01T11:31:20Z" finished-at="2020-12-01T11:31:23Z">
          <reporter-output>
          </reporter-output>
        </test-method> <!-- TC_02_Search_With_Product_Name -->
        <test-method status="PASS" signature="TC_03_Search_With_Product_Name_And_Parent_Category_Unchecked()[pri:0, instance:com.nopcommerce.users.Level_10_Admin@1bdaa23d]" name="TC_03_Search_With_Product_Name_And_Parent_Category_Unchecked" duration-ms="547" started-at="2020-12-01T11:31:23Z" finished-at="2020-12-01T11:31:23Z">
          <reporter-output>
          </reporter-output>
        </test-method> <!-- TC_03_Search_With_Product_Name_And_Parent_Category_Unchecked -->
        <test-method status="PASS" signature="TC_04_Search_With_Product_Name_And_Parent_Category_checked()[pri:0, instance:com.nopcommerce.users.Level_10_Admin@1bdaa23d]" name="TC_04_Search_With_Product_Name_And_Parent_Category_checked" duration-ms="477" started-at="2020-12-01T11:31:23Z" finished-at="2020-12-01T11:31:24Z">
          <reporter-output>
          </reporter-output>
        </test-method> <!-- TC_04_Search_With_Product_Name_And_Parent_Category_checked -->
        <test-method status="PASS" signature="TC_05_Search_With_Product_Name_And_Child_Category()[pri:0, instance:com.nopcommerce.users.Level_10_Admin@1bdaa23d]" name="TC_05_Search_With_Product_Name_And_Child_Category" duration-ms="247" started-at="2020-12-01T11:31:24Z" finished-at="2020-12-01T11:31:24Z">
          <reporter-output>
          </reporter-output>
        </test-method> <!-- TC_05_Search_With_Product_Name_And_Child_Category -->
        <test-method status="PASS" signature="TC_06_Search_With_Product_Name_Manufacturer()[pri:0, instance:com.nopcommerce.users.Level_10_Admin@1bdaa23d]" name="TC_06_Search_With_Product_Name_Manufacturer" duration-ms="618" started-at="2020-12-01T11:31:24Z" finished-at="2020-12-01T11:31:24Z">
          <reporter-output>
          </reporter-output>
        </test-method> <!-- TC_06_Search_With_Product_Name_Manufacturer -->
        <test-method status="PASS" signature="TC_07_Go_Directly_To_Product_SKU()[pri:0, instance:com.nopcommerce.users.Level_10_Admin@1bdaa23d]" name="TC_07_Go_Directly_To_Product_SKU" duration-ms="2960" started-at="2020-12-01T11:31:24Z" finished-at="2020-12-01T11:31:27Z">
          <reporter-output>
          </reporter-output>
        </test-method> <!-- TC_07_Go_Directly_To_Product_SKU -->
        <test-method status="PASS" signature="TC_08_Create_New_Customer()[pri:0, instance:com.nopcommerce.users.Level_10_Admin@1bdaa23d]" name="TC_08_Create_New_Customer" duration-ms="11808" started-at="2020-12-01T11:31:27Z" finished-at="2020-12-01T11:31:39Z">
          <reporter-output>
          </reporter-output>
        </test-method> <!-- TC_08_Create_New_Customer -->
        <test-method status="PASS" signature="TC_09_Search_Custom_With_Email()[pri:0, instance:com.nopcommerce.users.Level_10_Admin@1bdaa23d]" name="TC_09_Search_Custom_With_Email" duration-ms="2246" started-at="2020-12-01T11:31:39Z" finished-at="2020-12-01T11:31:41Z">
          <reporter-output>
          </reporter-output>
        </test-method> <!-- TC_09_Search_Custom_With_Email -->
        <test-method status="PASS" signature="TC_10_Search_Custom_With_FirstName_And_LastName()[pri:0, instance:com.nopcommerce.users.Level_10_Admin@1bdaa23d]" name="TC_10_Search_Custom_With_FirstName_And_LastName" duration-ms="3748" started-at="2020-12-01T11:31:41Z" finished-at="2020-12-01T11:31:45Z">
          <reporter-output>
          </reporter-output>
        </test-method> <!-- TC_10_Search_Custom_With_FirstName_And_LastName -->
        <test-method status="PASS" signature="TC_11_Search_Custom_With_Customer_And_Company()[pri:0, instance:com.nopcommerce.users.Level_10_Admin@1bdaa23d]" name="TC_11_Search_Custom_With_Customer_And_Company" duration-ms="3278" started-at="2020-12-01T11:31:45Z" finished-at="2020-12-01T11:31:49Z">
          <reporter-output>
          </reporter-output>
        </test-method> <!-- TC_11_Search_Custom_With_Customer_And_Company -->
        <test-method status="PASS" signature="TC_12_Search_Custom_With_Full_Data()[pri:0, instance:com.nopcommerce.users.Level_10_Admin@1bdaa23d]" name="TC_12_Search_Custom_With_Full_Data" duration-ms="5050" started-at="2020-12-01T11:31:49Z" finished-at="2020-12-01T11:31:54Z">
          <reporter-output>
          </reporter-output>
        </test-method> <!-- TC_12_Search_Custom_With_Full_Data -->
        <test-method status="FAIL" signature="TC_13_Edit_Customer_Add_New()[pri:0, instance:com.nopcommerce.users.Level_10_Admin@1bdaa23d]" name="TC_13_Edit_Customer_Add_New" duration-ms="41193" started-at="2020-12-01T11:31:54Z" finished-at="2020-12-01T11:32:35Z">
          <exception class="org.openqa.selenium.TimeoutException">
            <message>
              <![CDATA[Expected condition failed: waiting for visibility of element located by By.xpath: //tr[1]//td[2][contains(text(),'test70233@gmail.com')] (tried for 30 second(s) with 500 MILLISECONDS interval)]]>
            </message>
            <full-stacktrace>
              <![CDATA[org.openqa.selenium.TimeoutException: Expected condition failed: waiting for visibility of element located by By.xpath: //tr[1]//td[2][contains(text(),'test70233@gmail.com')] (tried for 30 second(s) with 500 MILLISECONDS interval)
at org.openqa.selenium.support.ui.WebDriverWait.timeoutException(WebDriverWait.java:82)
at org.openqa.selenium.support.ui.FluentWait.until(FluentWait.java:231)
at commons.AbstractPage.waitToElementVisible(AbstractPage.java:603)
at pageOjectsAdmin.customerPageObjectAdmin.isDisplayUserAddNewWithCustomerRolesGuests(customerPageObjectAdmin.java:36)
at com.nopcommerce.users.Level_10_Admin.TC_13_Edit_Customer_Add_New(Level_10_Admin.java:249)
at sun.reflect.NativeMethodAccessorImpl.invoke0(Native Method)
at sun.reflect.NativeMethodAccessorImpl.invoke(NativeMethodAccessorImpl.java:62)
at sun.reflect.DelegatingMethodAccessorImpl.invoke(DelegatingMethodAccessorImpl.java:43)
at java.lang.reflect.Method.invoke(Method.java:498)
at org.testng.internal.MethodInvocationHelper.invokeMethod(MethodInvocationHelper.java:124)
at org.testng.internal.Invoker.invokeMethod(Invoker.java:583)
at org.testng.internal.Invoker.invokeTestMethod(Invoker.java:719)
at org.testng.internal.Invoker.invokeTestMethods(Invoker.java:989)
at org.testng.internal.TestMethodWorker.invokeTestMethods(TestMethodWorker.java:125)
at org.testng.internal.TestMethodWorker.run(TestMethodWorker.java:109)
at org.testng.TestRunner.privateRun(TestRunner.java:648)
at org.testng.TestRunner.run(TestRunner.java:505)
at org.testng.SuiteRunner.runTest(SuiteRunner.java:455)
at org.testng.SuiteRunner.access$000(SuiteRunner.java:40)
at org.testng.SuiteRunner$SuiteWorker.run(SuiteRunner.java:489)
at org.testng.internal.thread.ThreadUtil$1.call(ThreadUtil.java:52)
at java.util.concurrent.FutureTask.run(FutureTask.java:266)
at java.util.concurrent.ThreadPoolExecutor.runWorker(ThreadPoolExecutor.java:1149)
at java.util.concurrent.ThreadPoolExecutor$Worker.run(ThreadPoolExecutor.java:624)
at java.lang.Thread.run(Thread.java:748)
Caused by: org.openqa.selenium.NoSuchElementException: Cannot locate an element using By.xpath: //tr[1]//td[2][contains(text(),'test70233@gmail.com')]
For documentation on this error, please visit: http://seleniumhq.org/exceptions/no_such_element.html
Build info: version: '3.9.1', revision: '63f7b50', time: '2018-02-07T22:25:02.294Z'
System info: host: 'DESKTOP-ACFHNHV', ip: '192.168.1.90', os.name: 'Windows 10', os.arch: 'amd64', os.version: '10.0', java.version: '1.8.0_271'
Driver info: driver.version: unknown
at org.openqa.selenium.support.ui.ExpectedConditions.lambda$findElement$0(ExpectedConditions.java:896)
at java.util.Optional.orElseThrow(Optional.java:290)
at org.openqa.selenium.support.ui.ExpectedConditions.findElement(ExpectedConditions.java:895)
at org.openqa.selenium.support.ui.ExpectedConditions.access$000(ExpectedConditions.java:44)
at org.openqa.selenium.support.ui.ExpectedConditions$7.apply(ExpectedConditions.java:206)
at org.openqa.selenium.support.ui.ExpectedConditions$7.apply(ExpectedConditions.java:202)
at org.openqa.selenium.support.ui.FluentWait.until(FluentWait.java:208)
... 23 more
]]>
            </full-stacktrace>
          </exception> <!-- org.openqa.selenium.TimeoutException -->
          <reporter-output>
          </reporter-output>
        </test-method> <!-- TC_13_Edit_Customer_Add_New -->
        <test-method status="FAIL" signature="TC_14_Add_New_Address_In_Customer_Detail()[pri:0, instance:com.nopcommerce.users.Level_10_Admin@1bdaa23d]" name="TC_14_Add_New_Address_In_Customer_Detail" duration-ms="32161" started-at="2020-12-01T11:32:35Z" finished-at="2020-12-01T11:33:08Z">
          <exception class="org.openqa.selenium.TimeoutException">
            <message>
              <![CDATA[Expected condition failed: waiting for element to be clickable: By.xpath: //div[@class='panel-heading']//span[text()='Addresses'] (tried for 30 second(s) with 500 MILLISECONDS interval)]]>
            </message>
            <full-stacktrace>
              <![CDATA[org.openqa.selenium.TimeoutException: Expected condition failed: waiting for element to be clickable: By.xpath: //div[@class='panel-heading']//span[text()='Addresses'] (tried for 30 second(s) with 500 MILLISECONDS interval)
at org.openqa.selenium.support.ui.WebDriverWait.timeoutException(WebDriverWait.java:82)
at org.openqa.selenium.support.ui.FluentWait.until(FluentWait.java:231)
at commons.AbstractPage.waitToElementClickAble(AbstractPage.java:618)
at pageOjectsAdmin.customerAddNewPageObjectAdmin.clickAddresscollapse(customerAddNewPageObjectAdmin.java:64)
at com.nopcommerce.users.Level_10_Admin.TC_14_Add_New_Address_In_Customer_Detail(Level_10_Admin.java:262)
at sun.reflect.NativeMethodAccessorImpl.invoke0(Native Method)
at sun.reflect.NativeMethodAccessorImpl.invoke(NativeMethodAccessorImpl.java:62)
at sun.reflect.DelegatingMethodAccessorImpl.invoke(DelegatingMethodAccessorImpl.java:43)
at java.lang.reflect.Method.invoke(Method.java:498)
at org.testng.internal.MethodInvocationHelper.invokeMethod(MethodInvocationHelper.java:124)
at org.testng.internal.Invoker.invokeMethod(Invoker.java:583)
at org.testng.internal.Invoker.invokeTestMethod(Invoker.java:719)
at org.testng.internal.Invoker.invokeTestMethods(Invoker.java:989)
at org.testng.internal.TestMethodWorker.invokeTestMethods(TestMethodWorker.java:125)
at org.testng.internal.TestMethodWorker.run(TestMethodWorker.java:109)
at org.testng.TestRunner.privateRun(TestRunner.java:648)
at org.testng.TestRunner.run(TestRunner.java:505)
at org.testng.SuiteRunner.runTest(SuiteRunner.java:455)
at org.testng.SuiteRunner.access$000(SuiteRunner.java:40)
at org.testng.SuiteRunner$SuiteWorker.run(SuiteRunner.java:489)
at org.testng.internal.thread.ThreadUtil$1.call(ThreadUtil.java:52)
at java.util.concurrent.FutureTask.run(FutureTask.java:266)
at java.util.concurrent.ThreadPoolExecutor.runWorker(ThreadPoolExecutor.java:1149)
at java.util.concurrent.ThreadPoolExecutor$Worker.run(ThreadPoolExecutor.java:624)
at java.lang.Thread.run(Thread.java:748)
Caused by: org.openqa.selenium.NoSuchElementException: Cannot locate an element using By.xpath: //div[@class='panel-heading']//span[text()='Addresses']
For documentation on this error, please visit: http://seleniumhq.org/exceptions/no_such_element.html
Build info: version: '3.9.1', revision: '63f7b50', time: '2018-02-07T22:25:02.294Z'
System info: host: 'DESKTOP-ACFHNHV', ip: '192.168.1.90', os.name: 'Windows 10', os.arch: 'amd64', os.version: '10.0', java.version: '1.8.0_271'
Driver info: driver.version: unknown
at org.openqa.selenium.support.ui.ExpectedConditions.lambda$findElement$0(ExpectedConditions.java:896)
at java.util.Optional.orElseThrow(Optional.java:290)
at org.openqa.selenium.support.ui.ExpectedConditions.findElement(ExpectedConditions.java:895)
at org.openqa.selenium.support.ui.ExpectedConditions.access$000(ExpectedConditions.java:44)
at org.openqa.selenium.support.ui.ExpectedConditions$7.apply(ExpectedConditions.java:206)
at org.openqa.selenium.support.ui.ExpectedConditions$7.apply(ExpectedConditions.java:202)
at org.openqa.selenium.support.ui.ExpectedConditions$22.apply(ExpectedConditions.java:657)
at org.openqa.selenium.support.ui.ExpectedConditions$22.apply(ExpectedConditions.java:654)
at org.openqa.selenium.support.ui.FluentWait.until(FluentWait.java:208)
... 23 more
]]>
            </full-stacktrace>
          </exception> <!-- org.openqa.selenium.TimeoutException -->
          <reporter-output>
          </reporter-output>
        </test-method> <!-- TC_14_Add_New_Address_In_Customer_Detail -->
        <test-method status="PASS" signature="afterClass()[pri:0, instance:com.nopcommerce.users.Level_10_Admin@1bdaa23d]" name="afterClass" is-config="true" duration-ms="672" started-at="2020-12-01T11:33:08Z" finished-at="2020-12-01T11:33:09Z">
          <reporter-output>
            <line>
              <![CDATA[2020-12-01 18:33:08,671 INFO  com.nopcommerce.users.Level_10_Admin - OS name = windows 10
]]>
            </line>
            <line>
              <![CDATA[2020-12-01 18:33:09,342 INFO  com.nopcommerce.users.Level_10_Admin - ---------- QUIT BROWSER SUCCESS ----------
]]>
            </line>
          </reporter-output>
        </test-method> <!-- afterClass -->
      </class> <!-- com.nopcommerce.users.Level_10_Admin -->
    </test> <!-- Run on chrome UI -->
  </suite> <!-- Suite -->
</testng-results>
