<?xml version="1.0" encoding="UTF-8"?>
<!-- Generated by org.testng.reporters.JUnitReportReporter -->
<testsuite skipped="1" hostname="DESKTOP-ACFHNHV" name="reportConfig.ReportV4" tests="3" failures="1" timestamp="23 Nov 2020 07:42:59 GMT" time="0.208" errors="0">
  <testcase name="TC_02_Failed" time="0.003" classname="reportConfig.ReportV4">
    <failure type="java.lang.AssertionError" message="Executing Failed Test Method">
      <![CDATA[java.lang.AssertionError: Executing Failed Test Method
at org.testng.Assert.fail(Assert.java:96)
at reportConfig.ReportV4.TC_02_Failed(ReportV4.java:63)
at sun.reflect.NativeMethodAccessorImpl.invoke0(Native Method)
at sun.reflect.NativeMethodAccessorImpl.invoke(NativeMethodAccessorImpl.java:62)
at sun.reflect.DelegatingMethodAccessorImpl.invoke(DelegatingMethodAccessorImpl.java:43)
at java.lang.reflect.Method.invoke(Method.java:498)
at org.testng.internal.MethodInvocationHelper.invokeMethod(MethodInvocationHelper.java:124)
at org.testng.internal.Invoker.invokeMethod(Invoker.java:583)
at org.testng.internal.Invoker.invokeTestMethod(Invoker.java:719)
at org.testng.internal.Invoker.invokeTestMethods(Invoker.java:989)
at org.testng.internal.TestMethodWorker.invokeTestMethods(TestMethodWorker.java:125)
at org.testng.internal.TestMethodWorker.run(TestMethodWorker.java:109)
at org.testng.TestRunner.privateRun(TestRunner.java:648)
at org.testng.TestRunner.run(TestRunner.java:505)
at org.testng.SuiteRunner.runTest(SuiteRunner.java:455)
at org.testng.SuiteRunner.access$000(SuiteRunner.java:40)
at org.testng.SuiteRunner$SuiteWorker.run(SuiteRunner.java:489)
at org.testng.internal.thread.ThreadUtil$1.call(ThreadUtil.java:52)
at java.util.concurrent.FutureTask.run(FutureTask.java:266)
at java.util.concurrent.ThreadPoolExecutor.runWorker(ThreadPoolExecutor.java:1149)
at java.util.concurrent.ThreadPoolExecutor$Worker.run(ThreadPoolExecutor.java:624)
at java.lang.Thread.run(Thread.java:748)
]]>
    </failure>
  </testcase> <!-- TC_02_Failed -->
  <testcase name="TC_02_Skipped" time="0.192" classname="reportConfig.ReportV4">
    <skipped/>
  </testcase> <!-- TC_02_Skipped -->
  <testcase name="TC_01_Success" time="0.013" classname="reportConfig.ReportV4"/>
</testsuite> <!-- reportConfig.ReportV4 -->
