<?xml version="1.0" encoding="UTF-8"?>
<!-- Generated by org.testng.reporters.JUnitReportReporter -->
<testsuite skipped="0" hostname="DESKTOP-ACFHNHV" name="com.nopcommerce.common.Common_01_Register" tests="4" failures="1" timestamp="24 Nov 2020 11:25:01 GMT" time="14.857" errors="0">
  <testcase name="TC_02_Register_Wrong_Email" time="3.644" classname="com.nopcommerce.common.Common_01_Register"/>
  <testcase name="TC_04_Register_Succes" time="7.371" classname="com.nopcommerce.common.Common_01_Register"/>
  <testcase name="TC_01_Register_Empty_Data" time="1.873" classname="com.nopcommerce.common.Common_01_Register"/>
  <testcase name="TC_03_Register_Pass_At_Least_6" time="1.969" classname="com.nopcommerce.common.Common_01_Register">
    <failure type="java.lang.AssertionError" message="expected [Password must meet the following rules:
must have at least 6 character] but found [Password must meet the following rules:
must have at least 6 characters]">
      <![CDATA[java.lang.AssertionError: expected [Password must meet the following rules:
must have at least 6 character] but found [Password must meet the following rules:
must have at least 6 characters]
at org.testng.Assert.fail(Assert.java:96)
at org.testng.Assert.failNotEquals(Assert.java:776)
at org.testng.Assert.assertEqualsImpl(Assert.java:137)
at org.testng.Assert.assertEquals(Assert.java:118)
at org.testng.Assert.assertEquals(Assert.java:442)
at commons.AbstractTest.checkEquals(AbstractTest.java:206)
at commons.AbstractTest.verifyEquals(AbstractTest.java:218)
at com.nopcommerce.common.Common_01_Register.TC_03_Register_Pass_At_Least_6(Common_01_Register.java:107)
at sun.reflect.NativeMethodAccessorImpl.invoke0(Native Method)
at sun.reflect.NativeMethodAccessorImpl.invoke(NativeMethodAccessorImpl.java:62)
at sun.reflect.DelegatingMethodAccessorImpl.invoke(DelegatingMethodAccessorImpl.java:43)
at java.lang.reflect.Method.invoke(Method.java:498)
at org.testng.internal.MethodInvocationHelper.invokeMethod(MethodInvocationHelper.java:124)
at org.testng.internal.Invoker.invokeMethod(Invoker.java:583)
at org.testng.internal.Invoker.invokeTestMethod(Invoker.java:719)
at org.testng.internal.Invoker.invokeTestMethods(Invoker.java:989)
at org.testng.internal.TestMethodWorker.invokeTestMethods(TestMethodWorker.java:125)
at org.testng.internal.TestMethodWorker.run(TestMethodWorker.java:109)
at org.testng.TestRunner.privateRun(TestRunner.java:648)
at org.testng.TestRunner.run(TestRunner.java:505)
at org.testng.SuiteRunner.runTest(SuiteRunner.java:455)
at org.testng.SuiteRunner.access$000(SuiteRunner.java:40)
at org.testng.SuiteRunner$SuiteWorker.run(SuiteRunner.java:489)
at org.testng.internal.thread.ThreadUtil$1.call(ThreadUtil.java:52)
at java.util.concurrent.FutureTask.run(FutureTask.java:266)
at java.util.concurrent.ThreadPoolExecutor.runWorker(ThreadPoolExecutor.java:1149)
at java.util.concurrent.ThreadPoolExecutor$Worker.run(ThreadPoolExecutor.java:624)
at java.lang.Thread.run(Thread.java:748)
]]>
    </failure>
  </testcase> <!-- TC_03_Register_Pass_At_Least_6 -->
</testsuite> <!-- com.nopcommerce.common.Common_01_Register -->
